This is TeX, Version 3.1415926 (TeX Live 2013/Debian) (format=tex 2014.10.20)  6 FEB 2015 04:36
**mathdots.ins
(./mathdots.ins (/usr/share/texlive/texmf-dist/tex/latex/base/docstrip.tex
\blockLevel=\count26
\emptyLines=\count27
\processedLines=\count28
\commentsRemoved=\count29
\commentsPassed=\count30
\codeLinesPassed=\count31
\TotalprocessedLines=\count32
\TotalcommentsRemoved=\count33
\TotalcommentsPassed=\count34
\TotalcodeLinesPassed=\count35
\NumberOfFiles=\count36
\inFile=\read0
\inputcheck=\read1
\@tempcnta=\count37
\off@0=\count38
\off@1=\count39
\off@2=\count40
\off@3=\count41
\off@4=\count42
\off@5=\count43
\off@6=\count44
\off@7=\count45
\off@8=\count46
\off@9=\count47
\off@10=\count48
\off@11=\count49
\off@12=\count50
\off@13=\count51
\off@14=\count52
\off@15=\count53
\@temptokena=\toks12
\@maxfiles=\count54
\@maxoutfiles=\count55

Utility: `docstrip' 2.5d <2005/07/29>
English documentation    <1999/03/31>

**********************************************************
* This program converts documented macro-files into fast *
* loadable files by stripping off (nearly) all comments! *
**********************************************************

********************************************************
* No Configuration file found, using default settings. *
********************************************************

)

Generating file(s) mathdots.tex mathdots.sty 
\openout0 = `mathdots.tex'.

\openout1 = `mathdots.sty'.


Processing file mathdots.dtx (tex) -> mathdots.tex
                             (sty) -> mathdots.sty
Lines  processed: 512
Comments removed: 325
Comments  passed: 0
Codelines passed: 155


******************************************************************* 
 
 To finish the installation, copy the files mathdots.tex and 
 mathdots.sty to a location where TeX and LaTeX will find them. 
 For example, the directory TEXMF/tex/generic/mathdots/ . 
 
*******************************************************************
 )
No pages of output.
